<?xml version="1.0" encoding="UTF-8"?>
<!-- Generated by org.testng.reporters.JUnitXMLReporter -->
<testsuite hostname="ip-172-31-84-215" ignored="0" name="Test" tests="1" failures="1" timestamp="2021-10-31T06:53:30 UTC" time="2.055" errors="0">
  <testcase name="Login" time="0.009" classname="Test.LoginTest">
    <failure type="java.lang.Error" message="Unresolved compilation problem: 
	The method getText() is undefined for the type Error
">
      <![CDATA[java.lang.Error: Unresolved compilation problem: 
The method getText() is undefined for the type Error

at Test.LoginTest.Login(LoginTest.java:31)
at java.util.ArrayList.forEach(ArrayList.java:1259)
... Removed 27 stack frames]]>
    </failure>
  </testcase> <!-- Login -->
</testsuite> <!-- Test -->
